<?xml version="1.0" encoding="utf-8"?><testsuites name="pytest tests"><testsuite name="pytest" errors="0" failures="0" skipped="0" tests="22" time="4.406" timestamp="2026-05-25T11:27:07.632292+00:00" hostname="agent-env-dc3c4bf0-eaa4-446f-9320-aaa7c6d41f03"><testcase classname="backend.tests.test_meeting_rooms.TestAuth" name="test_admin_login_sets_cookies" time="0.491" /><testcase classname="backend.tests.test_meeting_rooms.TestAuth" name="test_employee_login" time="0.393" /><testcase classname="backend.tests.test_meeting_rooms.TestAuth" name="test_me_from_cookie" time="0.388" /><testcase classname="backend.tests.test_meeting_rooms.TestAuth" name="test_me_without_cookie_401" time="0.110" /><testcase classname="backend.tests.test_meeting_rooms.TestAuth" name="test_login_invalid_password" time="0.357" /><testcase classname="backend.tests.test_meeting_rooms.TestAuth" name="test_logout_clears_cookies" time="0.460" /><testcase classname="backend.tests.test_meeting_rooms.TestRooms" name="test_list_rooms" time="0.381" /><testcase classname="backend.tests.test_meeting_rooms.TestRooms" name="test_rooms_status_fields" time="0.051" /><testcase classname="backend.tests.test_meeting_rooms.TestRooms" name="test_boardroom_occupied" time="0.128" /><testcase classname="backend.tests.test_meeting_rooms.TestBookingsValidation" name="test_create_valid_future_booking" time="0.099" /><testcase classname="backend.tests.test_meeting_rooms.TestBookingsValidation" name="test_create_past_booking_rejected" time="0.052" /><testcase classname="backend.tests.test_meeting_rooms.TestBookingsValidation" name="test_create_end_before_start_rejected" time="0.048" /><testcase classname="backend.tests.test_meeting_rooms.TestBookingsValidation" name="test_overlapping_rejected" time="0.149" /><testcase classname="backend.tests.test_meeting_rooms.TestBookingsValidation" name="test_maintenance_blocks_booking" time="0.194" /><testcase classname="backend.tests.test_meeting_rooms.TestBookingsMine" name="test_mine_filter" time="0.146" /><testcase classname="backend.tests.test_meeting_rooms.TestBookingsMine" name="test_edit_other_user_forbidden" time="0.469" /><testcase classname="backend.tests.test_meeting_rooms.TestBookingsMine" name="test_cancel_own_soft_delete" time="0.160" /><testcase classname="backend.tests.test_meeting_rooms.TestAdmin" name="test_employee_cannot_set_maintenance" time="0.048" /><testcase classname="backend.tests.test_meeting_rooms.TestAdmin" name="test_admin_list_bookings" time="0.049" /><testcase classname="backend.tests.test_meeting_rooms.TestAdmin" name="test_admin_list_users" time="0.049" /><testcase classname="backend.tests.test_meeting_rooms.TestAdmin" name="test_admin_users_forbidden_for_employee" time="0.047" /><testcase classname="backend.tests.test_meeting_rooms.TestAdmin" name="test_admin_analytics_shape" time="0.049" /></testsuite></testsuites>